# JRE version: OpenJDK Runtime Environment (8.0_242-b01) (build 1.8.0_242-release-1644-b01)
# Java VM: OpenJDK 64-Bit Server VM (25.242-b01 mixed mode windows-amd64 compressed oops)
Heap:
 PSYoungGen      total 564224K, used 215687K [0x00000000d5580000, 0x00000000ff180000, 0x0000000100000000)
  eden space 462848K, 40% used [0x00000000d5580000,0x00000000e0bd3ba8,0x00000000f1980000)
  from space 101376K, 28% used [0x00000000f8e80000,0x00000000faace098,0x00000000ff180000)
  to   space 110592K, 0% used [0x00000000f1980000,0x00000000f1980000,0x00000000f8580000)
 ParOldGen       total 370688K, used 179851K [0x0000000080000000, 0x0000000096a00000, 0x00000000d5580000)
  object space 370688K, 48% used [0x0000000080000000,0x000000008afa2e98,0x0000000096a00000)
 Metaspace       used 133540K, capacity 144802K, committed 145176K, reserved 1175552K
  class space    used 17127K, capacity 19126K, committed 19248K, reserved 1048576K
GC Heap History (10 events):
Event: 4412.412 GC heap before
{Heap before GC invocations=53 (full 5):
 PSYoungGen      total 579584K, used 484484K [0x00000000d5580000, 0x0000000100000000, 0x0000000100000000)
  eden space 468992K, 100% used [0x00000000d5580000,0x00000000f1f80000,0x00000000f1f80000)
  from space 110592K, 14% used [0x00000000f1f80000,0x00000000f2ea13d0,0x00000000f8b80000)
  to   space 108032K, 0% used [0x00000000f9680000,0x00000000f9680000,0x0000000100000000)
 ParOldGen       total 370688K, used 171375K [0x0000000080000000, 0x0000000096a00000, 0x00000000d5580000)
  object space 370688K, 46% used [0x0000000080000000,0x000000008a75bec0,0x0000000096a00000)
 Metaspace       used 123300K, capacity 133268K, committed 133528K, reserved 1165312K
  class space    used 15850K, capacity 17576K, committed 17584K, reserved 1048576K
Event: 4412.431 GC heap after
Heap after GC invocations=53 (full 5):
 PSYoungGen      total 581632K, used 10624K [0x00000000d5580000, 0x00000000ff980000, 0x0000000100000000)
  eden space 480256K, 0% used [0x00000000d5580000,0x00000000d5580000,0x00000000f2a80000)
  from space 101376K, 10% used [0x00000000f9680000,0x00000000fa0e0020,0x00000000ff980000)
  to   space 105984K, 0% used [0x00000000f2a80000,0x00000000f2a80000,0x00000000f9200000)
 ParOldGen       total 370688K, used 171383K [0x0000000080000000, 0x0000000096a00000, 0x00000000d5580000)
  object space 370688K, 46% used [0x0000000080000000,0x000000008a75dec0,0x0000000096a00000)
 Metaspace       used 123300K, capacity 133268K, committed 133528K, reserved 1165312K
  class space    used 15850K, capacity 17576K, committed 17584K, reserved 1048576K
}
Event: 4417.841 GC heap before
{Heap before GC invocations=54 (full 5):
 PSYoungGen      total 581632K, used 481866K [0x00000000d5580000, 0x00000000ff980000, 0x0000000100000000)
  eden space 480256K, 98% used [0x00000000d5580000,0x00000000f21b2928,0x00000000f2a80000)
  from space 101376K, 10% used [0x00000000f9680000,0x00000000fa0e0020,0x00000000ff980000)
  to   space 105984K, 0% used [0x00000000f2a80000,0x00000000f2a80000,0x00000000f9200000)
 ParOldGen       total 370688K, used 171383K [0x0000000080000000, 0x0000000096a00000, 0x00000000d5580000)
  object space 370688K, 46% used [0x0000000080000000,0x000000008a75dec0,0x0000000096a00000)
 Metaspace       used 123325K, capacity 133268K, committed 133528K, reserved 1165312K
  class space    used 15850K, capacity 17576K, committed 17584K, reserved 1048576K
Event: 4418.065 GC heap after
Heap after GC invocations=54 (full 5):
 PSYoungGen      total 586240K, used 105976K [0x00000000d5580000, 0x0000000100000000, 0x0000000100000000)
  eden space 480256K, 0% used [0x00000000d5580000,0x00000000d5580000,0x00000000f2a80000)
  from space 105984K, 99% used [0x00000000f2a80000,0x00000000f91fe358,0x00000000f9200000)
  to   space 112640K, 0% used [0x00000000f9200000,0x00000000f9200000,0x0000000100000000)
 ParOldGen       total 370688K, used 178727K [0x0000000080000000, 0x0000000096a00000, 0x00000000d5580000)
  object space 370688K, 48% used [0x0000000080000000,0x000000008ae89d20,0x0000000096a00000)
 Metaspace       used 123325K, capacity 133268K, committed 133528K, reserved 1165312K
  class space    used 15850K, capacity 17576K, committed 17584K, reserved 1048576K
}
Event: 4632.027 GC heap before
{Heap before GC invocations=55 (full 5):
 PSYoungGen      total 586240K, used 586231K [0x00000000d5580000, 0x0000000100000000, 0x0000000100000000)
  eden space 480256K, 99% used [0x00000000d5580000,0x00000000f2a7fbe0,0x00000000f2a80000)
  from space 105984K, 99% used [0x00000000f2a80000,0x00000000f91fe358,0x00000000f9200000)
  to   space 112640K, 0% used [0x00000000f9200000,0x00000000f9200000,0x0000000100000000)
 ParOldGen       total 370688K, used 178727K [0x0000000080000000, 0x0000000096a00000, 0x00000000d5580000)
  object space 370688K, 48% used [0x0000000080000000,0x000000008ae89d20,0x0000000096a00000)
 Metaspace       used 132347K, capacity 143104K, committed 143384K, reserved 1173504K
  class space    used 17016K, capacity 18942K, committed 18992K, reserved 1048576K
Event: 4632.125 GC heap after
Heap after GC invocations=55 (full 5):
 PSYoungGen      total 571904K, used 39871K [0x00000000d5580000, 0x0000000100000000, 0x0000000100000000)
  eden space 459264K, 0% used [0x00000000d5580000,0x00000000d5580000,0x00000000f1600000)
  from space 112640K, 35% used [0x00000000f9200000,0x00000000fb8efe28,0x0000000100000000)
  to   space 119808K, 0% used [0x00000000f1600000,0x00000000f1600000,0x00000000f8b00000)
 ParOldGen       total 370688K, used 179835K [0x0000000080000000, 0x0000000096a00000, 0x00000000d5580000)
  object space 370688K, 48% used [0x0000000080000000,0x000000008af9ee98,0x0000000096a00000)
 Metaspace       used 132347K, capacity 143104K, committed 143384K, reserved 1173504K
  class space    used 17016K, capacity 18942K, committed 18992K, reserved 1048576K
}
Event: 5291.601 GC heap before
{Heap before GC invocations=56 (full 5):
 PSYoungGen      total 571904K, used 499135K [0x00000000d5580000, 0x0000000100000000, 0x0000000100000000)
  eden space 459264K, 100% used [0x00000000d5580000,0x00000000f1600000,0x00000000f1600000)
  from space 112640K, 35% used [0x00000000f9200000,0x00000000fb8efe28,0x0000000100000000)
  to   space 119808K, 0% used [0x00000000f1600000,0x00000000f1600000,0x00000000f8b00000)
 ParOldGen       total 370688K, used 179835K [0x0000000080000000, 0x0000000096a00000, 0x00000000d5580000)
  object space 370688K, 48% used [0x0000000080000000,0x000000008af9ee98,0x0000000096a00000)
 Metaspace       used 132983K, capacity 143932K, committed 144024K, reserved 1173504K
  class space    used 17075K, capacity 19037K, committed 19120K, reserved 1048576K
Event: 5291.642 GC heap after
Heap after GC invocations=56 (full 5):
 PSYoungGen      total 579072K, used 17411K [0x00000000d5580000, 0x0000000100000000, 0x0000000100000000)
  eden space 459264K, 0% used [0x00000000d5580000,0x00000000d5580000,0x00000000f1600000)
  from space 119808K, 14% used [0x00000000f1600000,0x00000000f2700e68,0x00000000f8b00000)
  to   space 116224K, 0% used [0x00000000f8e80000,0x00000000f8e80000,0x0000000100000000)
 ParOldGen       total 370688K, used 179843K [0x0000000080000000, 0x0000000096a00000, 0x00000000d5580000)
  object space 370688K, 48% used [0x0000000080000000,0x000000008afa0e98,0x0000000096a00000)
 Metaspace       used 132983K, capacity 143932K, committed 144024K, reserved 1173504K
  class space    used 17075K, capacity 19037K, committed 19120K, reserved 1048576K
}
Event: 6423.633 GC heap before
{Heap before GC invocations=57 (full 5):
 PSYoungGen      total 579072K, used 476675K [0x00000000d5580000, 0x0000000100000000, 0x0000000100000000)
  eden space 459264K, 100% used [0x00000000d5580000,0x00000000f1600000,0x00000000f1600000)
  from space 119808K, 14% used [0x00000000f1600000,0x00000000f2700e68,0x00000000f8b00000)
  to   space 116224K, 0% used [0x00000000f8e80000,0x00000000f8e80000,0x0000000100000000)
 ParOldGen       total 370688K, used 179843K [0x0000000080000000, 0x0000000096a00000, 0x00000000d5580000)
  object space 370688K, 48% used [0x0000000080000000,0x000000008afa0e98,0x0000000096a00000)
 Metaspace       used 133384K, capacity 144616K, committed 144792K, reserved 1175552K
  class space    used 17114K, capacity 19107K, committed 19120K, reserved 1048576K
Event: 6423.690 GC heap after
Heap after GC invocations=57 (full 5):
 PSYoungGen      total 564224K, used 28984K [0x00000000d5580000, 0x00000000ff180000, 0x0000000100000000)
  eden space 462848K, 0% used [0x00000000d5580000,0x00000000d5580000,0x00000000f1980000)
  from space 101376K, 28% used [0x00000000f8e80000,0x00000000faace098,0x00000000ff180000)
  to   space 110592K, 0% used [0x00000000f1980000,0x00000000f1980000,0x00000000f8580000)
 ParOldGen       total 370688K, used 179851K [0x0000000080000000, 0x0000000096a00000, 0x00000000d5580000)
  object space 370688K, 48% used [0x0000000080000000,0x000000008afa2e98,0x0000000096a00000)
 Metaspace       used 133384K, capacity 144616K, committed 144792K, reserved 1175552K
  class space    used 17114K, capacity 19107K, committed 19120K, reserved 1048576K
}

